# JRE version: 7.0_21-b11
# Java VM: Java HotSpot(TM) 64-Bit Server VM (23.21-b01 mixed mode windows-amd64 compressed oops)
Heap
 PSYoungGen      total 213696K, used 166727K [0x00000000eaab0000, 0x00000000f9630000, 0x0000000100000000)
  eden space 188672K, 77% used [0x00000000eaab0000,0x00000000f39879d0,0x00000000f62f0000)
  from space 25024K, 81% used [0x00000000f62f0000,0x00000000f76ea628,0x00000000f7b60000)
  to   space 25920K, 0% used [0x00000000f7ce0000,0x00000000f7ce0000,0x00000000f9630000)
 ParOldGen       total 244736K, used 157468K [0x00000000c0000000, 0x00000000cef00000, 0x00000000eaab0000)
  object space 244736K, 64% used [0x00000000c0000000,0x00000000c99c7250,0x00000000cef00000)
 PSPermGen       total 77824K, used 48907K [0x00000000bae00000, 0x00000000bfa00000, 0x00000000c0000000)
  object space 77824K, 62% used [0x00000000bae00000,0x00000000bddc2dd0,0x00000000bfa00000)
GC Heap History (10 events):
Event: 867.118 GC heap before
{Heap before GC invocations=100 (full 5):
 PSYoungGen      total 210176K, used 205051K [0x00000000eaab0000, 0x00000000f8ce0000, 0x0000000100000000)
  eden space 189312K, 100% used [0x00000000eaab0000,0x00000000f6390000,0x00000000f6390000)
  from space 20864K, 75% used [0x00000000f7820000,0x00000000f877ef90,0x00000000f8c80000)
  to   space 21056K, 0% used [0x00000000f6390000,0x00000000f6390000,0x00000000f7820000)
 ParOldGen       total 244736K, used 154110K [0x00000000c0000000, 0x00000000cef00000, 0x00000000eaab0000)
  object space 244736K, 62% used [0x00000000c0000000,0x00000000c967f808,0x00000000cef00000)
 PSPermGen       total 77824K, used 48860K [0x00000000bae00000, 0x00000000bfa00000, 0x00000000c0000000)
  object space 77824K, 62% used [0x00000000bae00000,0x00000000bddb71b8,0x00000000bfa00000)
Event: 867.125 GC heap after
Heap after GC invocations=100 (full 5):
 PSYoungGen      total 210368K, used 19574K [0x00000000eaab0000, 0x00000000f9060000, 0x0000000100000000)
  eden space 189312K, 0% used [0x00000000eaab0000,0x00000000eaab0000,0x00000000f6390000)
  from space 21056K, 92% used [0x00000000f6390000,0x00000000f76ada30,0x00000000f7820000)
  to   space 22592K, 0% used [0x00000000f7a50000,0x00000000f7a50000,0x00000000f9060000)
 ParOldGen       total 244736K, used 154258K [0x00000000c0000000, 0x00000000cef00000, 0x00000000eaab0000)
  object space 244736K, 63% used [0x00000000c0000000,0x00000000c96a4b90,0x00000000cef00000)
 PSPermGen       total 77824K, used 48860K [0x00000000bae00000, 0x00000000bfa00000, 0x00000000c0000000)
  object space 77824K, 62% used [0x00000000bae00000,0x00000000bddb71b8,0x00000000bfa00000)
}
Event: 883.283 GC heap before
{Heap before GC invocations=101 (full 5):
 PSYoungGen      total 210368K, used 208886K [0x00000000eaab0000, 0x00000000f9060000, 0x0000000100000000)
  eden space 189312K, 100% used [0x00000000eaab0000,0x00000000f6390000,0x00000000f6390000)
  from space 21056K, 92% used [0x00000000f6390000,0x00000000f76ada30,0x00000000f7820000)
  to   space 22592K, 0% used [0x00000000f7a50000,0x00000000f7a50000,0x00000000f9060000)
 ParOldGen       total 244736K, used 154258K [0x00000000c0000000, 0x00000000cef00000, 0x00000000eaab0000)
  object space 244736K, 63% used [0x00000000c0000000,0x00000000c96a4b90,0x00000000cef00000)
 PSPermGen       total 77824K, used 48861K [0x00000000bae00000, 0x00000000bfa00000, 0x00000000c0000000)
  object space 77824K, 62% used [0x00000000bae00000,0x00000000bddb7718,0x00000000bfa00000)
Event: 883.290 GC heap after
Heap after GC invocations=101 (full 5):
 PSYoungGen      total 212096K, used 17724K [0x00000000eaab0000, 0x00000000f9160000, 0x0000000100000000)
  eden space 189504K, 0% used [0x00000000eaab0000,0x00000000eaab0000,0x00000000f63c0000)
  from space 22592K, 78% used [0x00000000f7a50000,0x00000000f8b9f3a0,0x00000000f9060000)
  to   space 23104K, 0% used [0x00000000f63c0000,0x00000000f63c0000,0x00000000f7a50000)
 ParOldGen       total 244736K, used 156202K [0x00000000c0000000, 0x00000000cef00000, 0x00000000eaab0000)
  object space 244736K, 63% used [0x00000000c0000000,0x00000000c988aa48,0x00000000cef00000)
 PSPermGen       total 77824K, used 48861K [0x00000000bae00000, 0x00000000bfa00000, 0x00000000c0000000)
  object space 77824K, 62% used [0x00000000bae00000,0x00000000bddb7718,0x00000000bfa00000)
}
Event: 895.830 GC heap before
{Heap before GC invocations=102 (full 5):
 PSYoungGen      total 212096K, used 207228K [0x00000000eaab0000, 0x00000000f9160000, 0x0000000100000000)
  eden space 189504K, 100% used [0x00000000eaab0000,0x00000000f63c0000,0x00000000f63c0000)
  from space 22592K, 78% used [0x00000000f7a50000,0x00000000f8b9f3a0,0x00000000f9060000)
  to   space 23104K, 0% used [0x00000000f63c0000,0x00000000f63c0000,0x00000000f7a50000)
 ParOldGen       total 244736K, used 156202K [0x00000000c0000000, 0x00000000cef00000, 0x00000000eaab0000)
  object space 244736K, 63% used [0x00000000c0000000,0x00000000c988aa48,0x00000000cef00000)
 PSPermGen       total 77824K, used 48865K [0x00000000bae00000, 0x00000000bfa00000, 0x00000000c0000000)
  object space 77824K, 62% used [0x00000000bae00000,0x00000000bddb84e0,0x00000000bfa00000)
Event: 895.836 GC heap after
Heap after GC invocations=102 (full 5):
 PSYoungGen      total 212608K, used 17790K [0x00000000eaab0000, 0x00000000f9250000, 0x0000000100000000)
  eden space 189504K, 0% used [0x00000000eaab0000,0x00000000eaab0000,0x00000000f63c0000)
  from space 23104K, 77% used [0x00000000f63c0000,0x00000000f751f9a8,0x00000000f7a50000)
  to   space 23488K, 0% used [0x00000000f7b60000,0x00000000f7b60000,0x00000000f9250000)
 ParOldGen       total 244736K, used 156210K [0x00000000c0000000, 0x00000000cef00000, 0x00000000eaab0000)
  object space 244736K, 63% used [0x00000000c0000000,0x00000000c988ca48,0x00000000cef00000)
 PSPermGen       total 77824K, used 48865K [0x00000000bae00000, 0x00000000bfa00000, 0x00000000c0000000)
  object space 77824K, 62% used [0x00000000bae00000,0x00000000bddb84e0,0x00000000bfa00000)
}
Event: 918.040 GC heap before
{Heap before GC invocations=103 (full 5):
 PSYoungGen      total 212608K, used 207294K [0x00000000eaab0000, 0x00000000f9250000, 0x0000000100000000)
  eden space 189504K, 100% used [0x00000000eaab0000,0x00000000f63c0000,0x00000000f63c0000)
  from space 23104K, 77% used [0x00000000f63c0000,0x00000000f751f9a8,0x00000000f7a50000)
  to   space 23488K, 0% used [0x00000000f7b60000,0x00000000f7b60000,0x00000000f9250000)
 ParOldGen       total 244736K, used 156210K [0x00000000c0000000, 0x00000000cef00000, 0x00000000eaab0000)
  object space 244736K, 63% used [0x00000000c0000000,0x00000000c988ca48,0x00000000cef00000)
 PSPermGen       total 77824K, used 48877K [0x00000000bae00000, 0x00000000bfa00000, 0x00000000c0000000)
  object space 77824K, 62% used [0x00000000bae00000,0x00000000bddbb738,0x00000000bfa00000)
Event: 918.047 GC heap after
Heap after GC invocations=103 (full 5):
 PSYoungGen      total 212160K, used 21389K [0x00000000eaab0000, 0x00000000f9550000, 0x0000000100000000)
  eden space 188672K, 0% used [0x00000000eaab0000,0x00000000eaab0000,0x00000000f62f0000)
  from space 23488K, 91% used [0x00000000f7b60000,0x00000000f90435c8,0x00000000f9250000)
  to   space 25024K, 0% used [0x00000000f62f0000,0x00000000f62f0000,0x00000000f7b60000)
 ParOldGen       total 244736K, used 156242K [0x00000000c0000000, 0x00000000cef00000, 0x00000000eaab0000)
  object space 244736K, 63% used [0x00000000c0000000,0x00000000c9894a48,0x00000000cef00000)
 PSPermGen       total 77824K, used 48877K [0x00000000bae00000, 0x00000000bfa00000, 0x00000000c0000000)
  object space 77824K, 62% used [0x00000000bae00000,0x00000000bddbb738,0x00000000bfa00000)
}
Event: 936.492 GC heap before
{Heap before GC invocations=104 (full 5):
 PSYoungGen      total 212160K, used 210061K [0x00000000eaab0000, 0x00000000f9550000, 0x0000000100000000)
  eden space 188672K, 100% used [0x00000000eaab0000,0x00000000f62f0000,0x00000000f62f0000)
  from space 23488K, 91% used [0x00000000f7b60000,0x00000000f90435c8,0x00000000f9250000)
  to   space 25024K, 0% used [0x00000000f62f0000,0x00000000f62f0000,0x00000000f7b60000)
 ParOldGen       total 244736K, used 156242K [0x00000000c0000000, 0x00000000cef00000, 0x00000000eaab0000)
  object space 244736K, 63% used [0x00000000c0000000,0x00000000c9894a48,0x00000000cef00000)
 PSPermGen       total 77824K, used 48896K [0x00000000bae00000, 0x00000000bfa00000, 0x00000000c0000000)
  object space 77824K, 62% used [0x00000000bae00000,0x00000000bddc0370,0x00000000bfa00000)
Event: 936.499 GC heap after
Heap after GC invocations=104 (full 5):
 PSYoungGen      total 213696K, used 20457K [0x00000000eaab0000, 0x00000000f9630000, 0x0000000100000000)
  eden space 188672K, 0% used [0x00000000eaab0000,0x00000000eaab0000,0x00000000f62f0000)
  from space 25024K, 81% used [0x00000000f62f0000,0x00000000f76ea628,0x00000000f7b60000)
  to   space 25920K, 0% used [0x00000000f7ce0000,0x00000000f7ce0000,0x00000000f9630000)
 ParOldGen       total 244736K, used 157468K [0x00000000c0000000, 0x00000000cef00000, 0x00000000eaab0000)
  object space 244736K, 64% used [0x00000000c0000000,0x00000000c99c7250,0x00000000cef00000)
 PSPermGen       total 77824K, used 48896K [0x00000000bae00000, 0x00000000bfa00000, 0x00000000c0000000)
  object space 77824K, 62% used [0x00000000bae00000,0x00000000bddc0370,0x00000000bfa00000)
}

